<?xml version="1.0" encoding="UTF-8" ?>
<testsuite tests="6" failures="2" name="CellTest" time="0.19" errors="0" skipped="0">
  <properties>
[...]
</properties>
  <testcase classname="CellTest" name="CellTest.testTransformDisplaySize" time="0.089"/>
  <testcase classname="CellTest" name="CellTest.testTransformPlatformOs" time="0.098">
    <failure message="expected: &lt;Platform OS&gt; but was: &lt;&gt;" type="org.opentest4j.AssertionFailedError">org.opentest4j.AssertionFailedError: expected: &lt;Platform OS&gt; but was: &lt;&gt;
	at org.junit.jupiter.api.AssertionFailureBuilder.build(AssertionFailureBuilder.java:151)
	at org.junit.jupiter.api.AssertionFailureBuilder.buildAndThrow(AssertionFailureBuilder.java:132)
	at org.junit.jupiter.api.AssertEquals.failNotEqual(AssertEquals.java:197)
	at org.junit.jupiter.api.AssertEquals.assertEquals(AssertEquals.java:182)
	at org.junit.jupiter.api.AssertEquals.assertEquals(AssertEquals.java:177)
	at org.junit.jupiter.api.Assertions.assertEquals(Assertions.java:1141)
	at CellTest.testTransformPlatformOs(CellTest.java:39)
</failure>
  </testcase>
  <testcase classname="CellTest" name="CellTest.testToString" time="0">
    <failure message="expected: &lt;OEM: OEM, Model: Model, Launch Announced: 2000, Launch Status: Discontinued, Body Dimensions: Dimensions, Body Weight: 90.0, Body SIM: Mini-SIM, Display Type: Type, Display Size: 5.0, Display Resolution: Resolution, Features Sensors: Features, Platform OS: Platform OS&gt; but was: &lt;OEM: OEM, Model: Model, Launch Announced: 2000, Launch Status: Discontinued, Body Dimensions: Dimensions, Body Weight: 90.0, Body SIM: Mini-SIM, Display Type: Type, Display Size: 5.0, Display Resolution: Resolution, Features Sensors: Features, Platform OS: Platform OS: V1&gt;" type="org.opentest4j.AssertionFailedError">org.opentest4j.AssertionFailedError: expected: &lt;OEM: OEM, Model: Model, Launch Announced: 2000, Launch Status: Discontinued, Body Dimensions: Dimensions, Body Weight: 90.0, Body SIM: Mini-SIM, Display Type: Type, Display Size: 5.0, Display Resolution: Resolution, Features Sensors: Features, Platform OS: Platform OS&gt; but was: &lt;OEM: OEM, Model: Model, Launch Announced: 2000, Launch Status: Discontinued, Body Dimensions: Dimensions, Body Weight: 90.0, Body SIM: Mini-SIM, Display Type: Type, Display Size: 5.0, Display Resolution: Resolution, Features Sensors: Features, Platform OS: Platform OS: V1&gt;
	at org.junit.jupiter.api.AssertionFailureBuilder.build(AssertionFailureBuilder.java:151)
	at org.junit.jupiter.api.AssertionFailureBuilder.buildAndThrow(AssertionFailureBuilder.java:132)
	at org.junit.jupiter.api.AssertEquals.failNotEqual(AssertEquals.java:197)
	at org.junit.jupiter.api.AssertEquals.assertEquals(AssertEquals.java:182)
	at org.junit.jupiter.api.AssertEquals.assertEquals(AssertEquals.java:177)
	at org.junit.jupiter.api.Assertions.assertEquals(Assertions.java:1141)
	at CellTest.testToString(CellTest.java:46)
</failure>
  </testcase>
  <testcase classname="CellTest" name="CellTest.testTransformBodyWeight" time="0"/>
  <testcase classname="CellTest" name="CellTest.testTransformBodySim" time="0.002"/>
  <testcase classname="CellTest" name="CellTest.testTransformLaunchYear" time="0.001"/>
</testsuite>